<?xml version="1.0" encoding="UTF-8"?>
<testng-results ignored="0" total="1" passed="1" failed="0" skipped="0">
  <reporter-output>
  </reporter-output>
  <suite started-at="2024-03-21T22:05:42 IST" name="Default suite" finished-at="2024-03-21T22:06:19 IST" duration-ms="37601">
    <groups>
    </groups>
    <test started-at="2024-03-21T22:05:42 IST" name="Default test" finished-at="2024-03-21T22:06:19 IST" duration-ms="37601">
      <class name="task.task.Coursera">
        <test-method signature="checkCredentials(java.lang.String,java.lang.String)[pri:0, instance:task.task.Coursera@35cabb2a]" started-at="2024-03-21T22:05:42 IST" name="checkCredentials" data-provider="testdata" finished-at="2024-03-21T22:06:19 IST" duration-ms="36923" status="PASS">
          <params>
            <param index="0">
              <value>
                <![CDATA[vinodasabe35@gmail.com]]>
              </value>
            </param>
            <param index="1">
              <value>
                <![CDATA[1705@Vinod]]>
              </value>
            </param>
          </params>
          <reporter-output>
          </reporter-output>
        </test-method> <!-- checkCredentials -->
      </class> <!-- task.task.Coursera -->
    </test> <!-- Default test -->
  </suite> <!-- Default suite -->
</testng-results>
